<?xml version="1.0" encoding="UTF-8"?>
<!-- Generated by org.testng.reporters.JUnitXMLReporter -->
<testsuite ignored="0" hostname="DESKTOP-ROILG6T" failures="0" tests="6" name="Test" time="2.479" errors="0" timestamp="2023-08-11T19:10:25 IST">
  <testcase classname="com.stackroute.product.ProductServiceApplicationTests" name="contextLoads" time="0.021"/>
  <testcase classname="com.stackroute.product.ProductServiceApplicationTests" name="postUserTest" time="2.054"/>
  <testcase classname="com.stackroute.product.ProductServiceApplicationTests" name="getByIdUserTest" time="0.106"/>
  <testcase classname="com.stackroute.product.ProductServiceApplicationTests" name="putUserTest" time="0.043"/>
  <testcase classname="com.stackroute.product.ProductServiceApplicationTests" name="getAllUserTest" time="0.11"/>
  <testcase classname="com.stackroute.product.ProductServiceApplicationTests" name="deleteProductTest" time="0.06"/>
</testsuite> <!-- Test -->
