<?xml version="1.0" encoding="UTF-8"?>
<!-- Generated by org.testng.reporters.JUnitXMLReporter -->
<testsuite ignored="0" hostname="DESKTOP-ROILG6T" failures="0" tests="3" name="Default test" time="134.632" errors="0" timestamp="2023-08-23T13:56:17 IST">
  <testcase classname="com.testing.asign2.Assign2" name="empadd" time="55.689"/>
  <testcase classname="com.testing.asign2.Assign2" name="login" time="41.096"/>
  <testcase classname="com.testing.asign2.Assign2" name="logout" time="24.586"/>
</testsuite> <!-- Default test -->
