<?xml version="1.0" encoding="UTF-8"?>
<!-- Generated by org.testng.reporters.JUnitXMLReporter -->
<testsuite ignored="0" hostname="DESKTOP-ROILG6T" failures="0" tests="13" name="Default test" time="170.495" errors="0" timestamp="2023-08-23T08:03:27 IST">
  <testcase classname="SeleniumPOM.Assign.PageObjectModel.FacebookTest" name="forgetTest" time="9.739"/>
  <testcase classname="SeleniumPOM.Assign.PageObjectModel.FacebookTest" name="forgetTest" time="9.314"/>
  <testcase classname="SeleniumPOM.Assign.PageObjectModel.FacebookTest" name="loginTest" time="9.138"/>
  <testcase classname="SeleniumPOM.Assign.PageObjectModel.FacebookTest" name="loginTest" time="6.908"/>
  <testcase classname="SeleniumPOM.Assign.PageObjectModel.FacebookTest" name="verifyRegister" time="15.211"/>
  <testcase classname="SeleniumPOM.Assign.PageObjectModel.FacebookTest" name="verifyRegister" time="15.424"/>
  <testcase classname="SeleniumPOM.Assign.PageObjectModel.FacebookTest" name="verifyRegister" time="15.479"/>
  <testcase classname="SeleniumPOM.Assign.PageObjectModel.FacebookTest" name="verifyRegister" time="15.216"/>
  <testcase classname="SeleniumPOM.Assign.PageObjectModel.FacebookTest" name="verifyRegister" time="15.319"/>
  <testcase classname="SeleniumPOM.Assign.PageObjectModel.FacebookTest" name="verifyRegister" time="15.334"/>
  <testcase classname="SeleniumPOM.Assign.PageObjectModel.FacebookTest" name="verifyRegister" time="15.094"/>
  <testcase classname="SeleniumPOM.Assign.PageObjectModel.FacebookTest" name="verifyRegister" time="13.82"/>
  <testcase classname="SeleniumPOM.Assign.PageObjectModel.FacebookTest" name="verifyRegister" time="12.946"/>
</testsuite> <!-- Default test -->
