<?xml version="1.0" encoding="UTF-8"?>
<!-- Generated by org.testng.reporters.JUnitXMLReporter -->
<testsuite ignored="0" hostname="DESKTOP-ROILG6T" failures="0" tests="5" name="Default test" time="2.531" errors="0" timestamp="2023-08-11T19:13:00 IST">
  <testcase classname="com.stackroute.product.ProductServiceApplicationTests" name="postUserTest" time="2.206"/>
  <testcase classname="com.stackroute.product.ProductServiceApplicationTests" name="getByIdUserTest" time="0.101"/>
  <testcase classname="com.stackroute.product.ProductServiceApplicationTests" name="putUserTest" time="0.031"/>
  <testcase classname="com.stackroute.product.ProductServiceApplicationTests" name="getAllUserTest" time="0.083"/>
  <testcase classname="com.stackroute.product.ProductServiceApplicationTests" name="deleteProductTest" time="0.044"/>
</testsuite> <!-- Default test -->
