<?xml version="1.0" encoding="UTF-8"?>
<testng-results ignored="0" total="3" passed="3" failed="0" skipped="0">
  <reporter-output>
  </reporter-output>
  <suite started-at="2023-08-23T13:54:03 IST" name="Default suite" finished-at="2023-08-23T13:56:17 IST" duration-ms="134632">
    <groups>
    </groups>
    <test started-at="2023-08-23T13:54:03 IST" name="Default test" finished-at="2023-08-23T13:56:17 IST" duration-ms="134632">
      <class name="com.testing.asign2.Assign2">
        <test-method is-config="true" signature="beforeTest()[pri:0, instance:com.testing.asign2.Assign2@dd05255]" started-at="2023-08-23T13:54:03 IST" name="beforeTest" finished-at="2023-08-23T13:54:03 IST" duration-ms="383" status="PASS">
          <reporter-output>
          </reporter-output>
        </test-method> <!-- beforeTest -->
        <test-method is-config="true" signature="first()[pri:0, instance:com.testing.asign2.Assign2@dd05255]" started-at="2023-08-23T13:54:03 IST" name="first" finished-at="2023-08-23T13:54:12 IST" duration-ms="9393" status="PASS">
          <reporter-output>
          </reporter-output>
        </test-method> <!-- first -->
        <test-method signature="empadd()[pri:0, instance:com.testing.asign2.Assign2@dd05255]" started-at="2023-08-23T13:54:12 IST" name="empadd" finished-at="2023-08-23T13:55:08 IST" duration-ms="55689" status="PASS">
          <reporter-output>
          </reporter-output>
        </test-method> <!-- empadd -->
        <test-method is-config="true" signature="tearDown(org.testng.ITestResult)[pri:0, instance:com.testing.asign2.Assign2@dd05255]" started-at="2023-08-23T13:55:08 IST" name="tearDown" finished-at="2023-08-23T13:55:08 IST" duration-ms="43" status="PASS">
          <params>
            <param index="0">
              <value>
                <![CDATA[[TestResult name=empadd status=SUCCESS method=Assign2.empadd()[pri:0, instance:com.testing.asign2.Assign2@dd05255] output={null}]]]>
              </value>
            </param>
          </params>
          <reporter-output>
          </reporter-output>
        </test-method> <!-- tearDown -->
        <test-method is-config="true" signature="first()[pri:0, instance:com.testing.asign2.Assign2@dd05255]" started-at="2023-08-23T13:55:08 IST" name="first" finished-at="2023-08-23T13:55:10 IST" duration-ms="1702" status="PASS">
          <reporter-output>
          </reporter-output>
        </test-method> <!-- first -->
        <test-method signature="login()[pri:1, instance:com.testing.asign2.Assign2@dd05255]" started-at="2023-08-23T13:55:10 IST" name="login" finished-at="2023-08-23T13:55:51 IST" duration-ms="41096" status="PASS">
          <reporter-output>
          </reporter-output>
        </test-method> <!-- login -->
        <test-method is-config="true" signature="tearDown(org.testng.ITestResult)[pri:0, instance:com.testing.asign2.Assign2@dd05255]" started-at="2023-08-23T13:55:51 IST" name="tearDown" finished-at="2023-08-23T13:55:51 IST" duration-ms="2" status="PASS">
          <params>
            <param index="0">
              <value>
                <![CDATA[[TestResult name=login status=SUCCESS method=Assign2.login()[pri:1, instance:com.testing.asign2.Assign2@dd05255] output={null}]]]>
              </value>
            </param>
          </params>
          <reporter-output>
          </reporter-output>
        </test-method> <!-- tearDown -->
        <test-method is-config="true" signature="first()[pri:0, instance:com.testing.asign2.Assign2@dd05255]" started-at="2023-08-23T13:55:51 IST" name="first" finished-at="2023-08-23T13:55:52 IST" duration-ms="1216" status="PASS">
          <reporter-output>
          </reporter-output>
        </test-method> <!-- first -->
        <test-method signature="logout()[pri:2, instance:com.testing.asign2.Assign2@dd05255]" started-at="2023-08-23T13:55:52 IST" name="logout" finished-at="2023-08-23T13:56:17 IST" duration-ms="24586" status="PASS">
          <reporter-output>
          </reporter-output>
        </test-method> <!-- logout -->
        <test-method is-config="true" signature="tearDown(org.testng.ITestResult)[pri:0, instance:com.testing.asign2.Assign2@dd05255]" started-at="2023-08-23T13:56:17 IST" name="tearDown" finished-at="2023-08-23T13:56:17 IST" duration-ms="1" status="PASS">
          <params>
            <param index="0">
              <value>
                <![CDATA[[TestResult name=logout status=SUCCESS method=Assign2.logout()[pri:2, instance:com.testing.asign2.Assign2@dd05255] output={null}]]]>
              </value>
            </param>
          </params>
          <reporter-output>
          </reporter-output>
        </test-method> <!-- tearDown -->
        <test-method is-config="true" signature="afterTest()[pri:0, instance:com.testing.asign2.Assign2@dd05255]" started-at="2023-08-23T13:56:17 IST" name="afterTest" finished-at="2023-08-23T13:56:17 IST" duration-ms="416" status="PASS">
          <reporter-output>
          </reporter-output>
        </test-method> <!-- afterTest -->
      </class> <!-- com.testing.asign2.Assign2 -->
    </test> <!-- Default test -->
  </suite> <!-- Default suite -->
</testng-results>
