<?xml version="1.0" encoding="UTF-8"?>
<testng-results ignored="0" total="13" passed="13" failed="0" skipped="0">
  <reporter-output>
  </reporter-output>
  <suite started-at="2023-08-23T08:00:36 IST" name="Default suite" finished-at="2023-08-23T08:03:27 IST" duration-ms="170495">
    <groups>
    </groups>
    <test started-at="2023-08-23T08:00:36 IST" name="Default test" finished-at="2023-08-23T08:03:27 IST" duration-ms="170495">
      <class name="SeleniumPOM.Assign.PageObjectModel.FacebookTest">
        <test-method is-config="true" signature="beforeSuite()[pri:0, instance:SeleniumPOM.Assign.PageObjectModel.FacebookTest@36ebc363]" started-at="2023-08-23T08:00:32 IST" name="beforeSuite" finished-at="2023-08-23T08:00:36 IST" duration-ms="4164" status="PASS">
          <reporter-output>
          </reporter-output>
        </test-method> <!-- beforeSuite -->
        <test-method is-config="true" signature="beforeMethod()[pri:0, instance:SeleniumPOM.Assign.PageObjectModel.FacebookTest@36ebc363]" started-at="2023-08-23T08:00:37 IST" name="beforeMethod" finished-at="2023-08-23T08:00:37 IST" duration-ms="52" status="PASS">
          <reporter-output>
          </reporter-output>
        </test-method> <!-- beforeMethod -->
        <test-method signature="forgetTest(java.lang.String,java.lang.String)[pri:0, instance:SeleniumPOM.Assign.PageObjectModel.FacebookTest@36ebc363]" started-at="2023-08-23T08:00:37 IST" name="forgetTest" data-provider="dp2" finished-at="2023-08-23T08:00:47 IST" duration-ms="9739" status="PASS">
          <params>
            <param index="0">
              <value>
                <![CDATA[saurav.gautam@gmail.com]]>
              </value>
            </param>
            <param index="1">
              <value>
                <![CDATA[TRUE]]>
              </value>
            </param>
          </params>
          <reporter-output>
          </reporter-output>
        </test-method> <!-- forgetTest -->
        <test-method is-config="true" signature="beforeMethod()[pri:0, instance:SeleniumPOM.Assign.PageObjectModel.FacebookTest@36ebc363]" started-at="2023-08-23T08:00:47 IST" name="beforeMethod" finished-at="2023-08-23T08:00:47 IST" duration-ms="18" status="PASS">
          <reporter-output>
          </reporter-output>
        </test-method> <!-- beforeMethod -->
        <test-method signature="forgetTest(java.lang.String,java.lang.String)[pri:0, instance:SeleniumPOM.Assign.PageObjectModel.FacebookTest@36ebc363]" started-at="2023-08-23T08:00:47 IST" name="forgetTest" data-provider="dp2" finished-at="2023-08-23T08:00:56 IST" duration-ms="9314" status="PASS">
          <params>
            <param index="0">
              <value>
                <![CDATA[Terst@Test.com]]>
              </value>
            </param>
            <param index="1">
              <value>
                <![CDATA[FALSE]]>
              </value>
            </param>
          </params>
          <reporter-output>
          </reporter-output>
        </test-method> <!-- forgetTest -->
        <test-method is-config="true" signature="beforeMethod()[pri:0, instance:SeleniumPOM.Assign.PageObjectModel.FacebookTest@36ebc363]" started-at="2023-08-23T08:00:57 IST" name="beforeMethod" finished-at="2023-08-23T08:00:57 IST" duration-ms="18" status="PASS">
          <reporter-output>
          </reporter-output>
        </test-method> <!-- beforeMethod -->
        <test-method signature="loginTest(java.lang.String,java.lang.String,java.lang.String)[pri:1, instance:SeleniumPOM.Assign.PageObjectModel.FacebookTest@36ebc363]" started-at="2023-08-23T08:00:57 IST" name="loginTest" data-provider="dp1" finished-at="2023-08-23T08:01:06 IST" duration-ms="9138" status="PASS">
          <params>
            <param index="0">
              <value>
                <![CDATA[Test]]>
              </value>
            </param>
            <param index="1">
              <value>
                <![CDATA[Test@123]]>
              </value>
            </param>
            <param index="2">
              <value>
                <![CDATA[FALSE]]>
              </value>
            </param>
          </params>
          <reporter-output>
          </reporter-output>
        </test-method> <!-- loginTest -->
        <test-method is-config="true" signature="beforeMethod()[pri:0, instance:SeleniumPOM.Assign.PageObjectModel.FacebookTest@36ebc363]" started-at="2023-08-23T08:01:06 IST" name="beforeMethod" finished-at="2023-08-23T08:01:06 IST" duration-ms="7" status="PASS">
          <reporter-output>
          </reporter-output>
        </test-method> <!-- beforeMethod -->
        <test-method signature="loginTest(java.lang.String,java.lang.String,java.lang.String)[pri:1, instance:SeleniumPOM.Assign.PageObjectModel.FacebookTest@36ebc363]" started-at="2023-08-23T08:01:06 IST" name="loginTest" data-provider="dp1" finished-at="2023-08-23T08:01:13 IST" duration-ms="6908" status="PASS">
          <params>
            <param index="0">
              <value>
                <![CDATA[Test12]]>
              </value>
            </param>
            <param index="1">
              <value>
                <![CDATA[Test@589]]>
              </value>
            </param>
            <param index="2">
              <value>
                <![CDATA[FALSE]]>
              </value>
            </param>
          </params>
          <reporter-output>
          </reporter-output>
        </test-method> <!-- loginTest -->
        <test-method is-config="true" signature="beforeMethod()[pri:0, instance:SeleniumPOM.Assign.PageObjectModel.FacebookTest@36ebc363]" started-at="2023-08-23T08:01:13 IST" name="beforeMethod" finished-at="2023-08-23T08:01:13 IST" duration-ms="5" status="PASS">
          <reporter-output>
          </reporter-output>
        </test-method> <!-- beforeMethod -->
        <test-method signature="verifyRegister(java.lang.String,java.lang.String,java.lang.String,java.lang.String,java.lang.String,java.lang.String,java.lang.String,java.lang.String,java.lang.String,java.lang.String)[pri:2, instance:SeleniumPOM.Assign.PageObjectModel.FacebookTest@36ebc363]" started-at="2023-08-23T08:01:13 IST" name="verifyRegister" data-provider="dp" finished-at="2023-08-23T08:01:28 IST" duration-ms="15211" status="PASS">
          <params>
            <param index="0">
              <value>
                <![CDATA[Saurav1]]>
              </value>
            </param>
            <param index="1">
              <value>
                <![CDATA[Gautam]]>
              </value>
            </param>
            <param index="2">
              <value>
                <![CDATA[gautam.saurav@gmail.com]]>
              </value>
            </param>
            <param index="3">
              <value>
                <![CDATA[gautam.saurav@gmail.com]]>
              </value>
            </param>
            <param index="4">
              <value>
                <![CDATA[Saurav@123]]>
              </value>
            </param>
            <param index="5">
              <value>
                <![CDATA[1.0]]>
              </value>
            </param>
            <param index="6">
              <value>
                <![CDATA[1.0]]>
              </value>
            </param>
            <param index="7">
              <value>
                <![CDATA[1990.0]]>
              </value>
            </param>
            <param index="8">
              <value>
                <![CDATA[Male]]>
              </value>
            </param>
            <param index="9">
              <value>
                <![CDATA[FALSE]]>
              </value>
            </param>
          </params>
          <reporter-output>
          </reporter-output>
        </test-method> <!-- verifyRegister -->
        <test-method is-config="true" signature="beforeMethod()[pri:0, instance:SeleniumPOM.Assign.PageObjectModel.FacebookTest@36ebc363]" started-at="2023-08-23T08:01:28 IST" name="beforeMethod" finished-at="2023-08-23T08:01:28 IST" duration-ms="18" status="PASS">
          <reporter-output>
          </reporter-output>
        </test-method> <!-- beforeMethod -->
        <test-method signature="verifyRegister(java.lang.String,java.lang.String,java.lang.String,java.lang.String,java.lang.String,java.lang.String,java.lang.String,java.lang.String,java.lang.String,java.lang.String)[pri:2, instance:SeleniumPOM.Assign.PageObjectModel.FacebookTest@36ebc363]" started-at="2023-08-23T08:01:28 IST" name="verifyRegister" data-provider="dp" finished-at="2023-08-23T08:01:43 IST" duration-ms="15424" status="PASS">
          <params>
            <param index="0">
              <value>
                <![CDATA[Saurav]]>
              </value>
            </param>
            <param index="1">
              <value>
                <![CDATA[Gautam]]>
              </value>
            </param>
            <param index="2">
              <value>
                <![CDATA[gautam.saurav@gmail.com]]>
              </value>
            </param>
            <param index="3">
              <value>
                <![CDATA[gautam.saurav@gmail.com]]>
              </value>
            </param>
            <param index="4">
              <value>
                <![CDATA[Saurav@124]]>
              </value>
            </param>
            <param index="5">
              <value>
                <![CDATA[2.0]]>
              </value>
            </param>
            <param index="6">
              <value>
                <![CDATA[2.0]]>
              </value>
            </param>
            <param index="7">
              <value>
                <![CDATA[1995.0]]>
              </value>
            </param>
            <param index="8">
              <value>
                <![CDATA[Female]]>
              </value>
            </param>
            <param index="9">
              <value>
                <![CDATA[TRUE]]>
              </value>
            </param>
          </params>
          <reporter-output>
          </reporter-output>
        </test-method> <!-- verifyRegister -->
        <test-method is-config="true" signature="beforeMethod()[pri:0, instance:SeleniumPOM.Assign.PageObjectModel.FacebookTest@36ebc363]" started-at="2023-08-23T08:01:43 IST" name="beforeMethod" finished-at="2023-08-23T08:01:43 IST" duration-ms="13" status="PASS">
          <reporter-output>
          </reporter-output>
        </test-method> <!-- beforeMethod -->
        <test-method signature="verifyRegister(java.lang.String,java.lang.String,java.lang.String,java.lang.String,java.lang.String,java.lang.String,java.lang.String,java.lang.String,java.lang.String,java.lang.String)[pri:2, instance:SeleniumPOM.Assign.PageObjectModel.FacebookTest@36ebc363]" started-at="2023-08-23T08:01:43 IST" name="verifyRegister" data-provider="dp" finished-at="2023-08-23T08:01:59 IST" duration-ms="15479" status="PASS">
          <params>
            <param index="0">
              <value>
                <![CDATA[Saurav]]>
              </value>
            </param>
            <param index="1">
              <value>
                <![CDATA[Gautam]]>
              </value>
            </param>
            <param index="2">
              <value>
                <![CDATA[gautam.saurav@gmail.com]]>
              </value>
            </param>
            <param index="3">
              <value>
                <![CDATA[gautam.saurav@gmail.com]]>
              </value>
            </param>
            <param index="4">
              <value>
                <![CDATA[Saurav@125]]>
              </value>
            </param>
            <param index="5">
              <value>
                <![CDATA[3.0]]>
              </value>
            </param>
            <param index="6">
              <value>
                <![CDATA[3.0]]>
              </value>
            </param>
            <param index="7">
              <value>
                <![CDATA[2000.0]]>
              </value>
            </param>
            <param index="8">
              <value>
                <![CDATA[Female]]>
              </value>
            </param>
            <param index="9">
              <value>
                <![CDATA[TRUE]]>
              </value>
            </param>
          </params>
          <reporter-output>
          </reporter-output>
        </test-method> <!-- verifyRegister -->
        <test-method is-config="true" signature="beforeMethod()[pri:0, instance:SeleniumPOM.Assign.PageObjectModel.FacebookTest@36ebc363]" started-at="2023-08-23T08:01:59 IST" name="beforeMethod" finished-at="2023-08-23T08:01:59 IST" duration-ms="11" status="PASS">
          <reporter-output>
          </reporter-output>
        </test-method> <!-- beforeMethod -->
        <test-method signature="verifyRegister(java.lang.String,java.lang.String,java.lang.String,java.lang.String,java.lang.String,java.lang.String,java.lang.String,java.lang.String,java.lang.String,java.lang.String)[pri:2, instance:SeleniumPOM.Assign.PageObjectModel.FacebookTest@36ebc363]" started-at="2023-08-23T08:01:59 IST" name="verifyRegister" data-provider="dp" finished-at="2023-08-23T08:02:14 IST" duration-ms="15216" status="PASS">
          <params>
            <param index="0">
              <value>
                <![CDATA[Saurav]]>
              </value>
            </param>
            <param index="1">
              <value>
                <![CDATA[Gautam]]>
              </value>
            </param>
            <param index="2">
              <value>
                <![CDATA[gautam.saurav@gmail.com]]>
              </value>
            </param>
            <param index="3">
              <value>
                <![CDATA[gautam.saurav@gmail.com]]>
              </value>
            </param>
            <param index="4">
              <value>
                <![CDATA[Saurav@126]]>
              </value>
            </param>
            <param index="5">
              <value>
                <![CDATA[3.0]]>
              </value>
            </param>
            <param index="6">
              <value>
                <![CDATA[4.0]]>
              </value>
            </param>
            <param index="7">
              <value>
                <![CDATA[2005.0]]>
              </value>
            </param>
            <param index="8">
              <value>
                <![CDATA[Female]]>
              </value>
            </param>
            <param index="9">
              <value>
                <![CDATA[TRUE]]>
              </value>
            </param>
          </params>
          <reporter-output>
          </reporter-output>
        </test-method> <!-- verifyRegister -->
        <test-method is-config="true" signature="beforeMethod()[pri:0, instance:SeleniumPOM.Assign.PageObjectModel.FacebookTest@36ebc363]" started-at="2023-08-23T08:02:14 IST" name="beforeMethod" finished-at="2023-08-23T08:02:14 IST" duration-ms="9" status="PASS">
          <reporter-output>
          </reporter-output>
        </test-method> <!-- beforeMethod -->
        <test-method signature="verifyRegister(java.lang.String,java.lang.String,java.lang.String,java.lang.String,java.lang.String,java.lang.String,java.lang.String,java.lang.String,java.lang.String,java.lang.String)[pri:2, instance:SeleniumPOM.Assign.PageObjectModel.FacebookTest@36ebc363]" started-at="2023-08-23T08:02:14 IST" name="verifyRegister" data-provider="dp" finished-at="2023-08-23T08:02:29 IST" duration-ms="15319" status="PASS">
          <params>
            <param index="0">
              <value>
                <![CDATA[Saurav]]>
              </value>
            </param>
            <param index="1">
              <value>
                <![CDATA[Gautam]]>
              </value>
            </param>
            <param index="2">
              <value>
                <![CDATA[gautam.saurav@gmail.com]]>
              </value>
            </param>
            <param index="3">
              <value>
                <![CDATA[gautam.saurav@gmail.com]]>
              </value>
            </param>
            <param index="4">
              <value>
                <![CDATA[Saurav@127]]>
              </value>
            </param>
            <param index="5">
              <value>
                <![CDATA[4.0]]>
              </value>
            </param>
            <param index="6">
              <value>
                <![CDATA[5.0]]>
              </value>
            </param>
            <param index="7">
              <value>
                <![CDATA[2005.0]]>
              </value>
            </param>
            <param index="8">
              <value>
                <![CDATA[Female]]>
              </value>
            </param>
            <param index="9">
              <value>
                <![CDATA[TRUE]]>
              </value>
            </param>
          </params>
          <reporter-output>
          </reporter-output>
        </test-method> <!-- verifyRegister -->
        <test-method is-config="true" signature="beforeMethod()[pri:0, instance:SeleniumPOM.Assign.PageObjectModel.FacebookTest@36ebc363]" started-at="2023-08-23T08:02:29 IST" name="beforeMethod" finished-at="2023-08-23T08:02:29 IST" duration-ms="10" status="PASS">
          <reporter-output>
          </reporter-output>
        </test-method> <!-- beforeMethod -->
        <test-method signature="verifyRegister(java.lang.String,java.lang.String,java.lang.String,java.lang.String,java.lang.String,java.lang.String,java.lang.String,java.lang.String,java.lang.String,java.lang.String)[pri:2, instance:SeleniumPOM.Assign.PageObjectModel.FacebookTest@36ebc363]" started-at="2023-08-23T08:02:29 IST" name="verifyRegister" data-provider="dp" finished-at="2023-08-23T08:02:45 IST" duration-ms="15334" status="PASS">
          <params>
            <param index="0">
              <value>
                <![CDATA[Saurav]]>
              </value>
            </param>
            <param index="1">
              <value>
                <![CDATA[Gautam]]>
              </value>
            </param>
            <param index="2">
              <value>
                <![CDATA[gautam.saurav@gmail.com]]>
              </value>
            </param>
            <param index="3">
              <value>
                <![CDATA[gautam.saurav@gmail.com]]>
              </value>
            </param>
            <param index="4">
              <value>
                <![CDATA[Saurav@128]]>
              </value>
            </param>
            <param index="5">
              <value>
                <![CDATA[5.0]]>
              </value>
            </param>
            <param index="6">
              <value>
                <![CDATA[6.0]]>
              </value>
            </param>
            <param index="7">
              <value>
                <![CDATA[2005.0]]>
              </value>
            </param>
            <param index="8">
              <value>
                <![CDATA[Female]]>
              </value>
            </param>
            <param index="9">
              <value>
                <![CDATA[TRUE]]>
              </value>
            </param>
          </params>
          <reporter-output>
          </reporter-output>
        </test-method> <!-- verifyRegister -->
        <test-method is-config="true" signature="beforeMethod()[pri:0, instance:SeleniumPOM.Assign.PageObjectModel.FacebookTest@36ebc363]" started-at="2023-08-23T08:02:45 IST" name="beforeMethod" finished-at="2023-08-23T08:02:45 IST" duration-ms="17" status="PASS">
          <reporter-output>
          </reporter-output>
        </test-method> <!-- beforeMethod -->
        <test-method signature="verifyRegister(java.lang.String,java.lang.String,java.lang.String,java.lang.String,java.lang.String,java.lang.String,java.lang.String,java.lang.String,java.lang.String,java.lang.String)[pri:2, instance:SeleniumPOM.Assign.PageObjectModel.FacebookTest@36ebc363]" started-at="2023-08-23T08:02:45 IST" name="verifyRegister" data-provider="dp" finished-at="2023-08-23T08:03:00 IST" duration-ms="15094" status="PASS">
          <params>
            <param index="0">
              <value>
                <![CDATA[Saurav]]>
              </value>
            </param>
            <param index="1">
              <value>
                <![CDATA[Gautam]]>
              </value>
            </param>
            <param index="2">
              <value>
                <![CDATA[gautam.saurav@gmail.com]]>
              </value>
            </param>
            <param index="3">
              <value>
                <![CDATA[gautam.saurav@gmail.com]]>
              </value>
            </param>
            <param index="4">
              <value>
                <![CDATA[Saurav@129]]>
              </value>
            </param>
            <param index="5">
              <value>
                <![CDATA[29.0]]>
              </value>
            </param>
            <param index="6">
              <value>
                <![CDATA[9.0]]>
              </value>
            </param>
            <param index="7">
              <value>
                <![CDATA[1918.0]]>
              </value>
            </param>
            <param index="8">
              <value>
                <![CDATA[Female]]>
              </value>
            </param>
            <param index="9">
              <value>
                <![CDATA[TRUE]]>
              </value>
            </param>
          </params>
          <reporter-output>
          </reporter-output>
        </test-method> <!-- verifyRegister -->
        <test-method is-config="true" signature="beforeMethod()[pri:0, instance:SeleniumPOM.Assign.PageObjectModel.FacebookTest@36ebc363]" started-at="2023-08-23T08:03:00 IST" name="beforeMethod" finished-at="2023-08-23T08:03:00 IST" duration-ms="7" status="PASS">
          <reporter-output>
          </reporter-output>
        </test-method> <!-- beforeMethod -->
        <test-method signature="verifyRegister(java.lang.String,java.lang.String,java.lang.String,java.lang.String,java.lang.String,java.lang.String,java.lang.String,java.lang.String,java.lang.String,java.lang.String)[pri:2, instance:SeleniumPOM.Assign.PageObjectModel.FacebookTest@36ebc363]" started-at="2023-08-23T08:03:00 IST" name="verifyRegister" data-provider="dp" finished-at="2023-08-23T08:03:14 IST" duration-ms="13820" status="PASS">
          <params>
            <param index="0">
              <value>
                <![CDATA[Saurav]]>
              </value>
            </param>
            <param index="1">
              <value>
                <![CDATA[Gautam]]>
              </value>
            </param>
            <param index="2">
              <value>
                <![CDATA[gautam.saurav@gmail.com]]>
              </value>
            </param>
            <param index="3">
              <value>
                <![CDATA[gautam.saurav@gmail.com]]>
              </value>
            </param>
            <param index="4">
              <value>
                <![CDATA[Saurav@130]]>
              </value>
            </param>
            <param index="5">
              <value>
                <![CDATA[30.0]]>
              </value>
            </param>
            <param index="6">
              <value>
                <![CDATA[11.0]]>
              </value>
            </param>
            <param index="7">
              <value>
                <![CDATA[1905.0]]>
              </value>
            </param>
            <param index="8">
              <value>
                <![CDATA[Custom]]>
              </value>
            </param>
            <param index="9">
              <value>
                <![CDATA[TRUE]]>
              </value>
            </param>
          </params>
          <reporter-output>
          </reporter-output>
        </test-method> <!-- verifyRegister -->
        <test-method is-config="true" signature="beforeMethod()[pri:0, instance:SeleniumPOM.Assign.PageObjectModel.FacebookTest@36ebc363]" started-at="2023-08-23T08:03:14 IST" name="beforeMethod" finished-at="2023-08-23T08:03:14 IST" duration-ms="13" status="PASS">
          <reporter-output>
          </reporter-output>
        </test-method> <!-- beforeMethod -->
        <test-method signature="verifyRegister(java.lang.String,java.lang.String,java.lang.String,java.lang.String,java.lang.String,java.lang.String,java.lang.String,java.lang.String,java.lang.String,java.lang.String)[pri:2, instance:SeleniumPOM.Assign.PageObjectModel.FacebookTest@36ebc363]" started-at="2023-08-23T08:03:14 IST" name="verifyRegister" data-provider="dp" finished-at="2023-08-23T08:03:27 IST" duration-ms="12946" status="PASS">
          <params>
            <param index="0">
              <value>
                <![CDATA[Saurav9]]>
              </value>
            </param>
            <param index="1">
              <value>
                <![CDATA[Gautam]]>
              </value>
            </param>
            <param index="2">
              <value>
                <![CDATA[gautam.saurav@gmail.com]]>
              </value>
            </param>
            <param index="3">
              <value>
                <![CDATA[gautam.saurav@gmail.com]]>
              </value>
            </param>
            <param index="4">
              <value>
                <![CDATA[Saurav@131]]>
              </value>
            </param>
            <param index="5">
              <value>
                <![CDATA[31.0]]>
              </value>
            </param>
            <param index="6">
              <value>
                <![CDATA[12.0]]>
              </value>
            </param>
            <param index="7">
              <value>
                <![CDATA[1998.0]]>
              </value>
            </param>
            <param index="8">
              <value>
                <![CDATA[Male]]>
              </value>
            </param>
            <param index="9">
              <value>
                <![CDATA[FALSE]]>
              </value>
            </param>
          </params>
          <reporter-output>
          </reporter-output>
        </test-method> <!-- verifyRegister -->
        <test-method is-config="true" signature="afterSuite()[pri:0, instance:SeleniumPOM.Assign.PageObjectModel.FacebookTest@36ebc363]" started-at="2023-08-23T08:03:27 IST" name="afterSuite" finished-at="2023-08-23T08:03:27 IST" duration-ms="329" status="PASS">
          <reporter-output>
          </reporter-output>
        </test-method> <!-- afterSuite -->
      </class> <!-- SeleniumPOM.Assign.PageObjectModel.FacebookTest -->
    </test> <!-- Default test -->
  </suite> <!-- Default suite -->
</testng-results>
