<?xml version="1.0" encoding="UTF-8"?>
<testsuite xmlns:xsi="http://www.w3.org/2001/XMLSchema-instance" xsi:noNamespaceSchemaLocation="https://maven.apache.org/surefire/maven-surefire-plugin/xsd/surefire-test-report-3.0.xsd" version="3.0" name="com.stackroute.product.ProductServiceApplicationTests" time="5.84" tests="1" errors="0" skipped="0" failures="0">
  <properties>
[...]
</properties>
  <testcase name="contextLoads" classname="com.stackroute.product.ProductServiceApplicationTests" time="0.36">
    <system-out><![CDATA[19:13:35.882 [main] DEBUG org.springframework.test.context.BootstrapUtils - Instantiating CacheAwareContextLoaderDelegate from class [org.springframework.test.context.cache.DefaultCacheAwareContextLoaderDelegate]
19:13:35.902 [main] DEBUG org.springframework.test.context.BootstrapUtils - Instantiating BootstrapContext using constructor [public org.springframework.test.context.support.DefaultBootstrapContext(java.lang.Class,org.springframework.test.context.CacheAwareContextLoaderDelegate)]
19:13:35.958 [main] DEBUG org.springframework.test.context.BootstrapUtils - Instantiating TestContextBootstrapper for test class [com.stackroute.product.ProductServiceApplicationTests] from class [org.springframework.boot.test.context.SpringBootTestContextBootstrapper]
19:13:35.982 [main] INFO org.springframework.boot.test.context.SpringBootTestContextBootstrapper - Neither @ContextConfiguration nor @ContextHierarchy found for test class [com.stackroute.product.ProductServiceApplicationTests], using SpringBootContextLoader
19:13:35.986 [main] DEBUG org.springframework.test.context.support.AbstractContextLoader - Did not detect default resource location for test class [com.stackroute.product.ProductServiceApplicationTests]: class path resource [com/stackroute/product/ProductServiceApplicationTests-context.xml] does not exist
19:13:35.988 [main] DEBUG org.springframework.test.context.support.AbstractContextLoader - Did not detect default resource location for test class [com.stackroute.product.ProductServiceApplicationTests]: class path resource [com/stackroute/product/ProductServiceApplicationTestsContext.groovy] does not exist
19:13:35.988 [main] INFO org.springframework.test.context.support.AbstractContextLoader - Could not detect default resource locations for test class [com.stackroute.product.ProductServiceApplicationTests]: no resource found for suffixes {-context.xml, Context.groovy}.
19:13:35.989 [main] INFO org.springframework.test.context.support.AnnotationConfigContextLoaderUtils - Could not detect default configuration classes for test class [com.stackroute.product.ProductServiceApplicationTests]: ProductServiceApplicationTests does not declare any static, non-private, non-final, nested classes annotated with @Configuration.
19:13:36.051 [main] DEBUG org.springframework.test.context.support.ActiveProfilesUtils - Could not find an 'annotation declaring class' for annotation type [org.springframework.test.context.ActiveProfiles] and class [com.stackroute.product.ProductServiceApplicationTests]
19:13:36.154 [main] DEBUG org.springframework.context.annotation.ClassPathScanningCandidateComponentProvider - Identified candidate component class: file [C:\Users\HARSH\Desktop\CGITranning\RestAssuredAssign\rest-assured-assignment-i\target\classes\com\stackroute\product\ProductServiceApplication.class]
19:13:36.156 [main] INFO org.springframework.boot.test.context.SpringBootTestContextBootstrapper - Found @SpringBootConfiguration com.stackroute.product.ProductServiceApplication for test class com.stackroute.product.ProductServiceApplicationTests
19:13:36.281 [main] DEBUG org.springframework.boot.test.context.SpringBootTestContextBootstrapper - @TestExecutionListeners is not present for class [com.stackroute.product.ProductServiceApplicationTests]: using defaults.
19:13:36.282 [main] INFO org.springframework.boot.test.context.SpringBootTestContextBootstrapper - Loaded default TestExecutionListener class names from location [META-INF/spring.factories]: [org.springframework.boot.test.mock.mockito.MockitoTestExecutionListener, org.springframework.boot.test.mock.mockito.ResetMocksTestExecutionListener, org.springframework.boot.test.autoconfigure.restdocs.RestDocsTestExecutionListener, org.springframework.boot.test.autoconfigure.web.client.MockRestServiceServerResetTestExecutionListener, org.springframework.boot.test.autoconfigure.web.servlet.MockMvcPrintOnlyOnFailureTestExecutionListener, org.springframework.boot.test.autoconfigure.web.servlet.WebDriverTestExecutionListener, org.springframework.boot.test.autoconfigure.webservices.client.MockWebServiceServerTestExecutionListener, org.springframework.test.context.web.ServletTestExecutionListener, org.springframework.test.context.support.DirtiesContextBeforeModesTestExecutionListener, org.springframework.test.context.support.DependencyInjectionTestExecutionListener, org.springframework.test.context.support.DirtiesContextTestExecutionListener, org.springframework.test.context.transaction.TransactionalTestExecutionListener, org.springframework.test.context.jdbc.SqlScriptsTestExecutionListener, org.springframework.test.context.event.EventPublishingTestExecutionListener]
19:13:36.306 [main] INFO org.springframework.boot.test.context.SpringBootTestContextBootstrapper - Using TestExecutionListeners: [org.springframework.test.context.web.ServletTestExecutionListener@3adcc812, org.springframework.test.context.support.DirtiesContextBeforeModesTestExecutionListener@35432107, org.springframework.boot.test.mock.mockito.MockitoTestExecutionListener@7b420819, org.springframework.boot.test.autoconfigure.SpringBootDependencyInjectionTestExecutionListener@7a1a14a4, org.springframework.test.context.support.DirtiesContextTestExecutionListener@265adfad, org.springframework.test.context.transaction.TransactionalTestExecutionListener@a3d9978, org.springframework.test.context.jdbc.SqlScriptsTestExecutionListener@61544ae6, org.springframework.test.context.event.EventPublishingTestExecutionListener@4b41dd5c, org.springframework.boot.test.mock.mockito.ResetMocksTestExecutionListener@3b96c42e, org.springframework.boot.test.autoconfigure.restdocs.RestDocsTestExecutionListener@5d066c7d, org.springframework.boot.test.autoconfigure.web.client.MockRestServiceServerResetTestExecutionListener@1e461e41, org.springframework.boot.test.autoconfigure.web.servlet.MockMvcPrintOnlyOnFailureTestExecutionListener@5ba88be8, org.springframework.boot.test.autoconfigure.web.servlet.WebDriverTestExecutionListener@56928307, org.springframework.boot.test.autoconfigure.webservices.client.MockWebServiceServerTestExecutionListener@3899782c]
19:13:36.319 [main] DEBUG org.springframework.test.context.support.AbstractDirtiesContextTestExecutionListener - Before test class: context [DefaultTestContext@4c1f22f3 testClass = ProductServiceApplicationTests, testInstance = [null], testMethod = [null], testException = [null], mergedContextConfiguration = [WebMergedContextConfiguration@598bd2ba testClass = ProductServiceApplicationTests, locations = '{}', classes = '{class com.stackroute.product.ProductServiceApplication}', contextInitializerClasses = '[]', activeProfiles = '{}', propertySourceLocations = '{}', propertySourceProperties = '{org.springframework.boot.test.context.SpringBootTestContextBootstrapper=true}', contextCustomizers = set[org.springframework.boot.test.context.filter.ExcludeFilterContextCustomizer@1de5f259, org.springframework.boot.test.json.DuplicateJsonObjectContextCustomizerFactory$DuplicateJsonObjectContextCustomizer@957e06, org.springframework.boot.test.mock.mockito.MockitoContextCustomizer@0, org.springframework.boot.test.web.client.TestRestTemplateContextCustomizer@4b8ee4de, org.springframework.boot.test.autoconfigure.properties.PropertyMappingContextCustomizer@0, org.springframework.boot.test.autoconfigure.web.servlet.WebDriverContextCustomizerFactory$Customizer@2e3967ea, org.springframework.boot.test.context.SpringBootTestArgs@1], resourceBasePath = 'src/main/webapp', contextLoader = 'org.springframework.boot.test.context.SpringBootContextLoader', parent = [null]], attributes = map['org.springframework.test.context.web.ServletTestExecutionListener.activateListener' -> true]], class annotated with @DirtiesContext [false] with mode [null].
19:13:36.367 [main] DEBUG org.springframework.test.context.support.TestPropertySourceUtils - Adding inlined properties to environment: {spring.jmx.enabled=false, org.springframework.boot.test.context.SpringBootTestContextBootstrapper=true}

  .   ____          _            __ _ _
 /\\ / ___'_ __ _ _(_)_ __  __ _ \ \ \ \
( ( )\___ | '_ | '_| | '_ \/ _` | \ \ \ \
 \\/  ___)| |_)| | | | | || (_| |  ) ) ) )
  '  |____| .__|_| |_|_| |_\__, | / / / /
 =========|_|==============|___/=/_/_/_/
 :: Spring Boot ::        (v2.3.1.RELEASE)

2023-08-11 19:13:36.694  INFO 6508 --- [           main] c.s.p.ProductServiceApplicationTests     : Starting ProductServiceApplicationTests on DESKTOP-ROILG6T with PID 6508 (started by HARSH in C:\Users\HARSH\Desktop\CGITranning\RestAssuredAssign\rest-assured-assignment-i)
2023-08-11 19:13:36.696  INFO 6508 --- [           main] c.s.p.ProductServiceApplicationTests     : No active profile set, falling back to default profiles: default
2023-08-11 19:13:37.900  INFO 6508 --- [           main] .s.d.r.c.RepositoryConfigurationDelegate : Multiple Spring Data modules found, entering strict repository configuration mode!
2023-08-11 19:13:37.902  INFO 6508 --- [           main] .s.d.r.c.RepositoryConfigurationDelegate : Bootstrapping Spring Data JPA repositories in DEFERRED mode.
2023-08-11 19:13:37.964  INFO 6508 --- [           main] .RepositoryConfigurationExtensionSupport : Spring Data JPA - Could not safely identify store assignment for repository candidate interface com.stackroute.product.respository.ProductRepository. If you want this repository to be a JPA repository, consider annotating your entities with one of these annotations: javax.persistence.Entity, javax.persistence.MappedSuperclass (preferred), or consider extending one of the following types with your repository: org.springframework.data.jpa.repository.JpaRepository.
2023-08-11 19:13:37.967  INFO 6508 --- [           main] .s.d.r.c.RepositoryConfigurationDelegate : Finished Spring Data repository scanning in 52ms. Found 0 JPA repository interfaces.
2023-08-11 19:13:38.021  INFO 6508 --- [           main] .s.d.r.c.RepositoryConfigurationDelegate : Multiple Spring Data modules found, entering strict repository configuration mode!
2023-08-11 19:13:38.024  INFO 6508 --- [           main] .s.d.r.c.RepositoryConfigurationDelegate : Bootstrapping Spring Data MongoDB repositories in DEFAULT mode.
2023-08-11 19:13:38.072  INFO 6508 --- [           main] .s.d.r.c.RepositoryConfigurationDelegate : Finished Spring Data repository scanning in 47ms. Found 1 MongoDB repository interfaces.
2023-08-11 19:13:38.899  INFO 6508 --- [           main] o.s.s.concurrent.ThreadPoolTaskExecutor  : Initializing ExecutorService 'applicationTaskExecutor'
2023-08-11 19:13:38.914  INFO 6508 --- [           main] com.zaxxer.hikari.HikariDataSource       : HikariPool-1 - Starting...
2023-08-11 19:13:39.136  INFO 6508 --- [           main] com.zaxxer.hikari.HikariDataSource       : HikariPool-1 - Start completed.
2023-08-11 19:13:39.273  INFO 6508 --- [         task-1] o.hibernate.jpa.internal.util.LogHelper  : HHH000204: Processing PersistenceUnitInfo [name: default]
2023-08-11 19:13:39.392  INFO 6508 --- [         task-1] org.hibernate.Version                    : HHH000412: Hibernate ORM core version 5.4.17.Final
2023-08-11 19:13:39.520  INFO 6508 --- [           main] org.mongodb.driver.cluster               : Cluster created with settings {hosts=[localhost:27017], mode=SINGLE, requiredClusterType=UNKNOWN, serverSelectionTimeout='30000 ms'}
2023-08-11 19:13:39.673  INFO 6508 --- [localhost:27017] org.mongodb.driver.connection            : Opened connection [connectionId{localValue:1, serverValue:27}] to localhost:27017
2023-08-11 19:13:39.679  INFO 6508 --- [localhost:27017] org.mongodb.driver.cluster               : Monitor thread successfully connected to server with description ServerDescription{address=localhost:27017, type=STANDALONE, state=CONNECTED, ok=true, minWireVersion=0, maxWireVersion=17, maxDocumentSize=16777216, logicalSessionTimeoutMinutes=30, roundTripTimeNanos=3941700}
2023-08-11 19:13:39.716  INFO 6508 --- [         task-1] o.hibernate.annotations.common.Version   : HCANN000001: Hibernate Commons Annotations {5.1.0.Final}
2023-08-11 19:13:39.955  INFO 6508 --- [         task-1] org.hibernate.dialect.Dialect            : HHH000400: Using dialect: org.hibernate.dialect.H2Dialect
2023-08-11 19:13:40.428  INFO 6508 --- [         task-1] o.h.e.t.j.p.i.JtaPlatformInitiator       : HHH000490: Using JtaPlatform implementation: [org.hibernate.engine.transaction.jta.platform.internal.NoJtaPlatform]
2023-08-11 19:13:40.441  INFO 6508 --- [         task-1] j.LocalContainerEntityManagerFactoryBean : Initialized JPA EntityManagerFactory for persistence unit 'default'
2023-08-11 19:13:40.456  WARN 6508 --- [           main] JpaBaseConfiguration$JpaWebConfiguration : spring.jpa.open-in-view is enabled by default. Therefore, database queries may be performed during view rendering. Explicitly configure spring.jpa.open-in-view to disable this warning
2023-08-11 19:13:41.221  INFO 6508 --- [           main] DeferredRepositoryInitializationListener : Triggering deferred initialization of Spring Data repositories…
2023-08-11 19:13:41.222  INFO 6508 --- [           main] DeferredRepositoryInitializationListener : Spring Data repositories initialized!
2023-08-11 19:13:41.229  INFO 6508 --- [           main] c.s.p.ProductServiceApplicationTests     : Started ProductServiceApplicationTests in 4.855 seconds (JVM running for 6.232)
]]></system-out>
  </testcase>
</testsuite>